app/build/intermediates/manifest_merge_blame_file/debug/manifest-merger-blame-debug-report.txt
1<?xml version="1.0" encoding="utf-8"?>
2<manifest xmlns:android="http://schemas.android.com/apk/res/android"
3    package="com.app.hellstore"
4    android:versionCode="2"
5    android:versionName="1.0.0" >
6
7    <uses-sdk
8        android:minSdkVersion="21"
8-->src\main\AndroidManifest.xml
9        android:targetSdkVersion="28" />
9-->src\main\AndroidManifest.xml
10
11    <uses-permission android:name="android.permission.INTERNET" />
11-->src\main\AndroidManifest.xml:6:5-67
11-->src\main\AndroidManifest.xml:6:22-64
12    <uses-permission android:name="android.permission.WRITE_EXTERNAL_STORAGE" />
12-->src\main\AndroidManifest.xml:7:5-81
12-->src\main\AndroidManifest.xml:7:22-78
13    <uses-permission android:name="android.permission.RECEIVE_BOOT_COMPLETED" />
13-->src\main\AndroidManifest.xml:8:5-81
13-->src\main\AndroidManifest.xml:8:22-78
14
15    <!-- Required by older versions of Google Play services to create GCM registration tokens -->
16    <uses-permission android:name="com.google.android.c2dm.permission.RECEIVE" />
16-->[com.google.android.gms:play-services-gcm:16.1.0] AndroidManifest.xml:23:5-82
16-->[com.google.android.gms:play-services-gcm:16.1.0] AndroidManifest.xml:23:22-79
17    <uses-permission android:name="android.permission.ACCESS_NETWORK_STATE" /> <!-- Optional permission for Analytics to run. -->
17-->[com.google.android.gms:play-services-analytics:16.0.8] AndroidManifest.xml:24:5-79
17-->[com.google.android.gms:play-services-analytics:16.0.8] AndroidManifest.xml:24:22-76
18    <uses-permission android:name="android.permission.WAKE_LOCK" />
18-->[com.google.android.gms:play-services-analytics:16.0.8] AndroidManifest.xml:27:5-68
18-->[com.google.android.gms:play-services-analytics:16.0.8] AndroidManifest.xml:27:22-65
19    <uses-permission android:name="com.google.android.finsky.permission.BIND_GET_INSTALL_REFERRER_SERVICE" />
19-->[com.android.installreferrer:installreferrer:1.0] AndroidManifest.xml:9:5-110
19-->[com.android.installreferrer:installreferrer:1.0] AndroidManifest.xml:9:22-107
20
21    <application
21-->src\main\AndroidManifest.xml:12:5-40:19
22        android:name="com.app.hellstore.App"
22-->src\main\AndroidManifest.xml:13:9-45
23        android:allowBackup="true"
23-->src\main\AndroidManifest.xml:14:9-35
24        android:appComponentFactory="android.support.v4.app.CoreComponentFactory"
24-->[com.android.support:support-compat:28.0.0] AndroidManifest.xml:22:18-91
25        android:debuggable="true"
26        android:icon="@mipmap/ic_launcher"
26-->src\main\AndroidManifest.xml:15:9-43
27        android:label="@string/app_name"
27-->src\main\AndroidManifest.xml:16:9-41
28        android:theme="@style/AppTheme"
28-->src\main\AndroidManifest.xml:17:9-40
29        android:usesCleartextTraffic="true" >
29-->src\main\AndroidManifest.xml:18:9-44
30        <activity android:name="com.app.hellstore.activity.NoConnectionActivity" />
30-->src\main\AndroidManifest.xml:19:9-93
30-->src\main\AndroidManifest.xml:19:19-81
31        <activity
31-->src\main\AndroidManifest.xml:21:9-26:67
32            android:name="com.app.hellstore.activity.WebViewActivity"
32-->src\main\AndroidManifest.xml:22:13-70
33            android:configChanges="keyboardHidden|keyboard|orientation|screenSize"
33-->src\main\AndroidManifest.xml:23:13-83
34            android:hardwareAccelerated="true"
34-->src\main\AndroidManifest.xml:24:13-47
35            android:label="@string/app_name"
35-->src\main\AndroidManifest.xml:25:13-45
36            android:windowSoftInputMode="adjustResize" />
36-->src\main\AndroidManifest.xml:26:13-55
37        <activity
37-->src\main\AndroidManifest.xml:27:9-37:20
38            android:name="com.app.hellstore.activity.LaunchActivity"
38-->src\main\AndroidManifest.xml:28:13-69
39            android:configChanges="keyboardHidden|keyboard|orientation|screenSize"
39-->src\main\AndroidManifest.xml:29:13-83
40            android:hardwareAccelerated="true"
40-->src\main\AndroidManifest.xml:30:13-47
41            android:label="@string/app_name"
41-->src\main\AndroidManifest.xml:31:13-45
42            android:windowSoftInputMode="adjustResize" >
42-->src\main\AndroidManifest.xml:32:13-55
43            <intent-filter>
43-->src\main\AndroidManifest.xml:33:13-36:29
44                <action android:name="android.intent.action.MAIN" />
44-->src\main\AndroidManifest.xml:34:17-69
44-->src\main\AndroidManifest.xml:34:25-66
45
46                <category android:name="android.intent.category.LAUNCHER" />
46-->src\main\AndroidManifest.xml:35:17-77
46-->src\main\AndroidManifest.xml:35:27-74
47            </intent-filter>
48        </activity>
49
50        <receiver
50-->[com.google.android.gms:play-services-analytics:16.0.8] AndroidManifest.xml:30:9-34:20
51            android:name="com.google.android.gms.analytics.AnalyticsReceiver"
51-->[com.google.android.gms:play-services-analytics:16.0.8] AndroidManifest.xml:31:13-78
52            android:enabled="true"
52-->[com.google.android.gms:play-services-analytics:16.0.8] AndroidManifest.xml:32:13-35
53            android:exported="false" >
53-->[com.google.android.gms:play-services-analytics:16.0.8] AndroidManifest.xml:33:13-37
54        </receiver>
55
56        <service
56-->[com.google.android.gms:play-services-analytics:16.0.8] AndroidManifest.xml:36:9-39:40
57            android:name="com.google.android.gms.analytics.AnalyticsService"
57-->[com.google.android.gms:play-services-analytics:16.0.8] AndroidManifest.xml:37:13-77
58            android:enabled="true"
58-->[com.google.android.gms:play-services-analytics:16.0.8] AndroidManifest.xml:38:13-35
59            android:exported="false" />
59-->[com.google.android.gms:play-services-analytics:16.0.8] AndroidManifest.xml:39:13-37
60        <service
60-->[com.google.android.gms:play-services-analytics:16.0.8] AndroidManifest.xml:40:9-44:72
61            android:name="com.google.android.gms.analytics.AnalyticsJobService"
61-->[com.google.android.gms:play-services-analytics:16.0.8] AndroidManifest.xml:41:13-80
62            android:enabled="true"
62-->[com.google.android.gms:play-services-analytics:16.0.8] AndroidManifest.xml:42:13-35
63            android:exported="false"
63-->[com.google.android.gms:play-services-analytics:16.0.8] AndroidManifest.xml:43:13-37
64            android:permission="android.permission.BIND_JOB_SERVICE" />
64-->[com.google.android.gms:play-services-analytics:16.0.8] AndroidManifest.xml:44:13-69
65
66        <activity
66-->[com.google.android.gms:play-services-base:16.0.1] AndroidManifest.xml:23:9-26:75
67            android:name="com.google.android.gms.common.api.GoogleApiActivity"
67-->[com.google.android.gms:play-services-base:16.0.1] AndroidManifest.xml:24:13-79
68            android:exported="false"
68-->[com.google.android.gms:play-services-base:16.0.1] AndroidManifest.xml:25:13-37
69            android:theme="@android:style/Theme.Translucent.NoTitleBar" /> <!-- Include the AdActivity and InAppPurchaseActivity configChanges and themes. -->
69-->[com.google.android.gms:play-services-base:16.0.1] AndroidManifest.xml:26:13-72
70        <activity
70-->[com.google.android.gms:play-services-ads-lite:16.0.0] AndroidManifest.xml:29:9-33:64
71            android:name="com.google.android.gms.ads.AdActivity"
71-->[com.google.android.gms:play-services-ads-lite:16.0.0] AndroidManifest.xml:30:13-65
72            android:configChanges="keyboard|keyboardHidden|orientation|screenLayout|uiMode|screenSize|smallestScreenSize"
72-->[com.google.android.gms:play-services-ads-lite:16.0.0] AndroidManifest.xml:31:13-122
73            android:exported="false"
73-->[com.google.android.gms:play-services-ads-lite:16.0.0] AndroidManifest.xml:32:13-37
74            android:theme="@android:style/Theme.Translucent" />
74-->[com.google.android.gms:play-services-ads-lite:16.0.0] AndroidManifest.xml:33:13-61
75
76        <meta-data
76-->[com.google.android.gms:play-services-basement:16.0.1] AndroidManifest.xml:23:9-25:69
77            android:name="com.google.android.gms.version"
77-->[com.google.android.gms:play-services-basement:16.0.1] AndroidManifest.xml:24:13-58
78            android:value="@integer/google_play_services_version" />
78-->[com.google.android.gms:play-services-basement:16.0.1] AndroidManifest.xml:25:13-66
79        <meta-data
79-->[com.android.support:customtabs:26.1.0] AndroidManifest.xml:23:9-25:38
80            android:name="android.support.VERSION"
80-->[com.android.support:customtabs:26.1.0] AndroidManifest.xml:24:13-51
81            android:value="26.1.0" />
81-->[com.android.support:customtabs:26.1.0] AndroidManifest.xml:25:13-35
82    </application>
83
84</manifest>